
 ==============================
 S N O P T  7.2-12.3 (Aug 2014)
 ==============================
 
 SNMEMB EXIT 100 -- finished successfully
 SNMEMB INFO 104 -- memory requirements estimated

 ==============================
 S N O P T  7.2-12.3 (Aug 2014)
 ==============================
 
 

 Nonlinear constraints    5050     Linear constraints       0
 Nonlinear variables       200     Linear variables         0
 Jacobian  variables       200     Objective variables    200
 Total constraints        5050     Total variables        200
 

 
 The user has defined 1010000   out of 1010000   constraint gradients.
 The user has defined     200   out of     200   objective  gradients.
 

        Minor   LPmult   nInf   SumInf   rgNorm    LPobjective
          100  1.1E+00      1  4.1E+02
          200 -1.6E-01                  4.0E-14  4.7728874E+03     9
          300 -2.7E-02                  2.9E-12  4.4098771E+03    46

 Major Minors     Step   nCon Feasible  Optimal  MeritFunction    nS Penalty
     0    390               1  7.9E-02  3.5E-01 -1.2718298E+02    99           r  T
     1      1  5.3E-04      2  7.9E-02  3.6E-01  8.7246270E+03    99 4.8E-03 n rl
     2      1  5.3E-04      4  7.9E-02  3.6E-01  8.8604987E+03    99 4.8E-03 n rl

        Minor   QPmult   nInf   SumInf   rgNorm    QPobjective    nS
          100                           1.9E-01  1.2755580E+04     9
          200                           2.0E-01  3.8263460E+02     8
          300                           1.4E-14  1.1456515E+02    23
          400 -1.2E-02                  6.9E-14 -2.4363856E+01    59
          500  3.6E-03                  9.4E-13 -1.0006910E+02   101
          600 -5.6E-04                  1.4E-11 -1.2207259E+02   144

 Major Minors     Step   nCon Feasible  Optimal  MeritFunction    nS Penalty
     3    617  1.0E+00      6  3.4E-03  4.2E-03 -2.2596298E+03   152 4.8E-03 sm   T
     4     49  1.1E-02      9  3.3E-03  1.5E-03 -1.6342031E+03   182 5.0E-03  m
     5      8  7.4E-01     12  8.7E-04  1.0E-03 -3.9071864E+02   181 7.6E-03  m
     6      9  5.6E-01     15  3.9E-04  1.1E-03 -1.8975052E+02   177 9.7E-03  m
     7      8  4.0E-01     18  6.1E-04  1.0E-03 -1.4010770E+02   182 1.1E-02  m
     8     12  4.6E-01     21  3.3E-04  1.3E-03 -1.2894046E+02   185 1.3E-02  m
     9     17  1.0E+00     22 (6.8E-17) 3.1E-03 -1.2650913E+02   183 1.3E-02

 Major Minors     Step   nCon Feasible  Optimal  MeritFunction    nS Penalty
    10     17  1.6E-01     25 (6.8E-17) 1.2E-03 -1.2663139E+02   177 1.3E-02
    11     18  1.8E-01     28 (4.2E-17) 8.5E-04 -1.2682988E+02   176 1.3E-02
    12     21  1.7E-01     31 (2.5E-17) 1.1E-03 -1.2697318E+02   180 1.3E-02
    13     10  1.7E-01     34 (2.5E-17) 8.0E-04 -1.2714554E+02   187 1.3E-02   R
    14      4  1.0E+00     35 (4.2E-17) 6.3E-04 -1.2726475E+02   184 1.3E-02 s
    15      8  6.3E-01     37 (2.9E-17) 7.5E-04 -1.2753234E+02   179 1.3E-02
    16      3  4.4E-01     39  1.4E-04  5.7E-04 -1.2780415E+02   179 1.3E-02
    17      8  1.4E-01     42  5.9E-04  5.1E-04 -1.2786319E+02   176 1.3E-02
    18      8  4.6E-02     48  1.5E-04  4.9E-04 -1.2794352E+02   175 1.3E-02
    19      6  1.5E-01     51  4.8E-04  3.6E-04 -1.2807082E+02   178 1.3E-02

 Major Minors     Step   nCon Feasible  Optimal  MeritFunction    nS Penalty
    20      4  2.0E-01     54  3.8E-04  3.1E-04 -1.2822292E+02   175 1.3E-02
    21      4  2.1E-01     57  3.5E-04  6.5E-04 -1.2835554E+02   176 1.3E-02
    22      7  1.7E-01     60  3.3E-04  2.8E-04 -1.2846979E+02   174 1.3E-02
    23      4  1.8E-01     63  3.5E-04  7.7E-04 -1.2858220E+02   171 1.3E-02
    24     11  1.9E-01     66  3.9E-04  7.1E-04 -1.2868987E+02   181 1.3E-02   R
    25     10  1.0E+00     67  2.6E-04  3.3E-04 -1.2880924E+02   174 1.3E-02 s
    26      4  2.2E-01     70  1.8E-04  2.9E-04 -1.2892116E+02   173 1.3E-02
    27      2  2.5E-01     73  8.7E-04  3.0E-04 -1.2901633E+02   174 1.3E-02
    28      4  2.5E-01     76  9.9E-04  2.8E-04 -1.2909773E+02   173 1.3E-02
    29      3  2.5E-01     79  7.5E-04  3.1E-04 -1.2917730E+02   172 1.3E-02

 Major Minors     Step   nCon Feasible  Optimal  MeritFunction    nS Penalty
    30      2  4.0E-01     81  1.8E-03  3.5E-04 -1.2928958E+02   171 1.3E-02
    31      2  2.2E-01     84  1.4E-03  7.1E-04 -1.2934758E+02   170 1.3E-02
    32      2  2.3E-01     87  1.8E-03  4.0E-04 -1.2941013E+02   171 1.3E-02
    33      2  2.1E-01     90  1.4E-03  4.1E-04 -1.2946169E+02   170 1.3E-02
    34      5  1.8E-01     93  1.2E-03  4.0E-04 -1.2951420E+02   166 1.3E-02
    35      8  1.3E-01     96  1.0E-03  4.3E-04 -1.2955908E+02   173 1.3E-02   R
    36      2  1.0E+00     97  2.8E-04  5.4E-04 -1.2962307E+02   172 1.3E-02 s
    37      4  5.4E-01     99  1.4E-04  4.4E-04 -1.2966372E+02   171 1.3E-02
    38      2  3.8E-01    101  8.8E-05  4.5E-04 -1.2970173E+02   172 1.3E-02
    39      2  2.4E-01    104  6.7E-05  4.5E-04 -1.2973566E+02   171 1.3E-02

 Major Minors     Step   nCon Feasible  Optimal  MeritFunction    nS Penalty
    40      1  3.7E-01    106  4.2E-05  4.4E-04 -1.2978856E+02   171 1.3E-02
    41      2  2.3E-01    109  1.6E-04  4.3E-04 -1.2982872E+02   170 1.3E-02
    42      6  2.5E-01    112  1.2E-04  6.0E-04 -1.2987063E+02   165 1.3E-02
    43      8  1.5E-01    115  1.0E-04  6.0E-04 -1.2991227E+02   170 1.3E-02
    44      7  3.7E-01    117  6.3E-05  6.1E-04 -1.2996697E+02   164 1.3E-02
    45      9  1.6E-01    120  5.2E-05  6.1E-04 -1.2999846E+02   168 1.3E-02
    46      3  3.9E-01    122  1.2E-04  3.6E-04 -1.3004372E+02   170 1.3E-02   R
    47      1  1.0E+00    123  1.8E-04  3.7E-04 -1.3008928E+02   170 1.3E-02 s
    48      1  1.0E+00    124  6.7E-05  6.3E-04 -1.3013192E+02   170 1.3E-02
    49      2  5.6E-01    126  1.5E-04  6.0E-04 -1.3016004E+02   169 1.3E-02

 Major Minors     Step   nCon Feasible  Optimal  MeritFunction    nS Penalty
    50      1  3.8E-01    128  9.4E-05  3.7E-04 -1.3019234E+02   169 1.3E-02
    51      1  3.6E-01    130  6.1E-05  3.7E-04 -1.3021022E+02   169 1.3E-02
    52      3  1.0E+00    131  8.0E-05  3.8E-04 -1.3023379E+02   169 1.3E-02
    53      5  1.0E+00    132  1.1E-05  3.7E-04 -1.3027405E+02   167 1.3E-02
    54      3  5.5E-01    134  4.9E-06  4.3E-04 -1.3029264E+02   167 1.3E-02
    55      1  5.8E-01    136  3.4E-05  6.3E-04 -1.3030956E+02   167 1.3E-02
    56      5  4.2E-01    138  1.2E-04  5.6E-04 -1.3033338E+02   165 1.3E-02
    57      5  1.4E-01    141  1.1E-04  5.5E-04 -1.3035175E+02   169 1.3E-02   R
    58      2  5.9E-01    143  4.3E-05  5.9E-04 -1.3037949E+02   168 1.3E-02 s
    59      2  1.0E+00    144  1.2E-05  5.9E-04 -1.3038394E+02   169 1.3E-02

 Major Minors     Step   nCon Feasible  Optimal  MeritFunction    nS Penalty
    60      2  1.0E+00    145  4.6E-05  6.1E-04 -1.3039231E+02   168 1.3E-02
    61      1  1.0E+00    146 (1.5E-16) 7.1E-04 -1.3039874E+02   168 1.3E-02
    62      2  1.0E+00    147  3.5E-05  7.3E-04 -1.3040404E+02   169 1.3E-02
    63      1  1.0E+00    148  8.5E-05  7.8E-04 -1.3041014E+02   169 1.3E-02
    64      1  1.0E+00    149 (1.6E-16) 9.4E-04 -1.3041893E+02   169 1.3E-02
    65      1  5.4E-01    151 (1.6E-16) 1.1E-03 -1.3042680E+02   169 1.3E-02
    66      1  3.8E-01    153 (4.6E-17) 1.1E-03 -1.3043717E+02   169 1.3E-02
    67      3  5.9E-01    155 (1.7E-16) 9.2E-04 -1.3045377E+02   169 1.3E-02
    68      1  1.4E-01    158 (4.1E-17) 6.7E-04 -1.3046578E+02   169 1.3E-02   R
    69      4  1.0E+00    159 (7.3E-17) 7.6E-04 -1.3048442E+02   166 1.3E-02 s

 Major Minors     Step   nCon Feasible  Optimal  MeritFunction    nS Penalty
    70      3  3.1E-01    161 (8.8E-17) 9.4E-04 -1.3049822E+02   168 1.3E-02
    71      1  5.6E-01    163  1.6E-05  1.1E-03 -1.3051075E+02   168 1.3E-02
    72      2  3.3E-01    165  3.0E-05  1.1E-03 -1.3052043E+02   167 1.3E-02
    73      1  5.7E-01    167  2.5E-05  1.1E-03 -1.3053211E+02   167 1.3E-02
    74      1  3.6E-01    169  3.5E-05  9.2E-04 -1.3054183E+02   167 1.3E-02
    75      2  4.2E-01    171  4.8E-05  6.6E-04 -1.3055306E+02   166 1.3E-02
    76      2  4.0E-01    173  5.8E-05  4.5E-04 -1.3056312E+02   167 1.3E-02
    77      2  1.0E+00    174 (1.2E-16) 3.0E-04 -1.3057358E+02   166 1.3E-02
    78      1  1.0E+00    175 (8.6E-17) 3.1E-04 -1.3058515E+02   166 1.3E-02
    79      1  5.6E-01    177 (3.2E-17) 3.1E-04 -1.3059729E+02   166 1.3E-02   R

 Major Minors     Step   nCon Feasible  Optimal  MeritFunction    nS Penalty
    80      1  4.9E-01    179  1.3E-05  3.1E-04 -1.3060858E+02   166 1.3E-02 s
    81      1  1.0E+00    180  4.7E-05  3.0E-04 -1.3061345E+02   166 1.3E-02
    82      1  1.0E+00    181 (1.0E-16) 3.0E-04 -1.3061775E+02   166 1.3E-02
    83      2  1.0E+00    182 (2.1E-16) 3.0E-04 -1.3062428E+02   165 1.3E-02
    84      1  5.7E-01    184  2.4E-05  2.9E-04 -1.3063134E+02   165 1.3E-02
    85      2  1.0E+00    185 (9.0E-17) 3.0E-04 -1.3064476E+02   166 1.3E-02
    86      2  5.1E-01    187  3.0E-05  3.0E-04 -1.3065140E+02   167 1.3E-02
    87      1  4.8E-01    189  1.6E-05  3.0E-04 -1.3065973E+02   167 1.3E-02
    88      2  1.0E+00    190 (1.5E-16) 2.9E-04 -1.3066440E+02   166 1.3E-02
    89      2  1.0E+00    191 (1.6E-16) 2.9E-04 -1.3067021E+02   165 1.3E-02

 Major Minors     Step   nCon Feasible  Optimal  MeritFunction    nS Penalty
    90      1  3.3E-01    193  4.3E-05  2.7E-04 -1.3067368E+02   165 1.3E-02   R
    91      1  1.0E+00    194 (5.6E-07) 2.8E-04 -1.3068050E+02   165 1.3E-02 s
    92      1  1.0E+00    195  4.4E-06  2.8E-04 -1.3068316E+02   165 1.3E-02
    93      1  1.0E+00    196  5.2E-05  2.7E-04 -1.3068555E+02   165 1.3E-02
    94      3  5.7E-01    198  2.2E-05  2.7E-04 -1.3068937E+02   165 1.3E-02
    95      4  4.0E-01    200  1.3E-05  2.7E-04 -1.3069392E+02   162 1.3E-02
    96      5  9.9E-03    204  1.3E-05  2.7E-04 -1.3069477E+02   166 1.3E-02
    97      2  1.0E+00    205 (1.9E-16) 2.6E-04 -1.3070089E+02   167 1.3E-02
    98      3  4.1E-01    207 (2.9E-16) 2.6E-04 -1.3070441E+02   165 1.3E-02
    99      3  6.2E-01    209 (1.1E-16) 2.6E-04 -1.3070863E+02   167 1.3E-02

 Major Minors     Step   nCon Feasible  Optimal  MeritFunction    nS Penalty
   100      1  1.0E+00    210 (1.7E-16) 2.5E-04 -1.3071229E+02   167 1.3E-02
   101      2  5.1E-01    212  2.3E-05  2.4E-04 -1.3071523E+02   166 1.3E-02   R
   102      1  1.0E+00    213  5.9E-06  2.4E-04 -1.3071952E+02   166 1.3E-02 s
   103      1  4.8E-01    215  3.0E-06  2.4E-04 -1.3072242E+02   166 1.3E-02
   104      1  1.0E+00    216  9.6E-06  2.4E-04 -1.3072463E+02   166 1.3E-02
   105      2  6.0E-01    218  7.6E-06  2.4E-04 -1.3072720E+02   165 1.3E-02
   106      1  6.0E-01    220  1.7E-05  2.4E-04 -1.3072993E+02   165 1.3E-02
   107      2  5.5E-01    222  7.9E-06  2.4E-04 -1.3073274E+02   166 1.3E-02
   108      1  1.0E+00    223  2.5E-05  2.4E-04 -1.3073601E+02   166 1.3E-02
   109      1  6.1E-01    225  9.9E-06  2.5E-04 -1.3073931E+02   166 1.3E-02

 Major Minors     Step   nCon Feasible  Optimal  MeritFunction    nS Penalty
   110      1  4.9E-01    227  1.0E-05  2.5E-04 -1.3074196E+02   166 1.3E-02
   111      1  1.0E+00    228  1.0E-05  2.5E-04 -1.3074464E+02   166 1.3E-02
   112      1  1.0E+00    229 (1.5E-16) 2.6E-04 -1.3074887E+02   166 1.3E-02   R
   113      1  1.0E+00    230  1.4E-05  2.5E-04 -1.3075129E+02   166 1.3E-02 s
   114      2  1.0E+00    231 (1.4E-16) 1.2E-04 -1.3075329E+02   165 1.3E-02
   115      1  1.0E+00    232  2.1E-05  1.8E-04 -1.3075492E+02   165 1.3E-02
   116      1  1.0E+00    233 (8.5E-17) 1.5E-04 -1.3075721E+02   165 1.3E-02
   117      2  1.0E+00    234 (6.6E-17) 1.7E-04 -1.3076015E+02   164 1.3E-02
   118      3  1.0E+00    235 (1.7E-16) 2.0E-04 -1.3076425E+02   162 1.3E-02
   119      1  1.0E-01    238 (1.8E-16) 2.1E-04 -1.3076807E+02   162 1.3E-02

 Major Minors     Step   nCon Feasible  Optimal  MeritFunction    nS Penalty
   120      1  9.4E-02    243 (2.3E-16) 2.2E-04 -1.3077182E+02   162 1.3E-02
   121      8  6.7E-05    249 (1.2E-07) 3.7E-04 -1.3077182E+02   165 1.3E-02
   122      2  5.5E-01    251  2.6E-05  2.9E-04 -1.3077595E+02   166 1.3E-02
   123      1  1.0E+00    252 (1.1E-07) 2.6E-04 -1.3078244E+02   166 1.3E-02   R
   124      2  1.0E+00    253 (1.8E-07) 4.1E-04 -1.3078817E+02   165 1.3E-02 s
   125      3  1.0E+00    254 (1.4E-07) 2.8E-04 -1.3079091E+02   165 1.3E-02
   126      1  1.0E+00    255  4.4E-05  3.2E-04 -1.3079312E+02   165 1.3E-02
   127      2  1.0E+00    256 (2.4E-07) 7.8E-04 -1.3079695E+02   164 1.3E-02
   128      4  5.5E-01    258 (1.1E-07) 2.0E-04 -1.3080074E+02   165 1.3E-02
   129      1  1.0E+00    259 (3.2E-07) 2.8E-04 -1.3080361E+02   165 1.3E-02

 Major Minors     Step   nCon Feasible  Optimal  MeritFunction    nS Penalty
   130      1  1.0E+00    260 (8.0E-08) 3.2E-04 -1.3080544E+02   165 1.3E-02
   131      1  1.0E+00    261 (6.9E-08) 2.9E-04 -1.3080662E+02   165 1.3E-02
   132      1  1.0E+00    262 (1.8E-07) 5.5E-04 -1.3080782E+02   165 1.3E-02
   133      1  1.0E+00    263  1.4E-05  2.8E-04 -1.3080916E+02   165 1.3E-02
   134      1  1.0E+00    264 (1.5E-16) 2.9E-04 -1.3081034E+02   165 1.3E-02   R
   135      1  1.0E+00    265  7.0E-06  2.9E-04 -1.3081106E+02   165 1.3E-02 s
   136      1  1.0E+00    266 (3.9E-07) 7.8E-04 -1.3081158E+02   165 1.3E-02
   137      2  1.0E+00    267  3.0E-06  2.9E-04 -1.3081211E+02   166 1.3E-02
   138      2  1.0E+00    268  1.1E-05  2.8E-04 -1.3081299E+02   165 1.3E-02
   139      2  1.0E+00    269 (1.8E-16) 2.9E-04 -1.3081440E+02   166 1.3E-02

 Major Minors     Step   nCon Feasible  Optimal  MeritFunction    nS Penalty
   140      2  1.0E+00    270  1.4E-05  2.8E-04 -1.3081615E+02   165 1.3E-02
   141      1  1.0E+00    271 (1.0E-16) 2.7E-04 -1.3081911E+02   165 1.3E-02
   142      1  4.4E-01    273  1.4E-06  2.5E-04 -1.3082356E+02   165 1.3E-02
   143      1  1.8E-01    275  1.1E-06  1.2E-03 -1.3082493E+02   165 1.3E-02
   144      2  2.4E-01    277  4.3E-05  2.8E-04 -1.3082609E+02   166 1.3E-02
   145      2  2.9E-01    279  5.6E-05  5.4E-04 -1.3082893E+02   165 1.3E-02   R
   146      1  1.0E+00    280 (2.4E-07) 2.6E-04 -1.3083119E+02   165 1.3E-02 s
   147      1  1.0E+00    281  1.2E-05  2.6E-04 -1.3083228E+02   165 1.3E-02
   148      1  1.0E+00    282  4.8E-05  6.5E-04 -1.3083310E+02   165 1.3E-02
   149      1  1.0E+00    283  1.7E-05  1.9E-04 -1.3083465E+02   165 1.3E-02

 Major Minors     Step   nCon Feasible  Optimal  MeritFunction    nS Penalty
   150      1  1.0E+00    284 (9.5E-07) 2.7E-04 -1.3083620E+02   165 1.3E-02
   151      1  1.0E+00    285 (1.7E-16) 2.8E-04 -1.3083692E+02   165 1.3E-02
   152      1  1.0E+00    286 (3.6E-16) 2.7E-04 -1.3083782E+02   165 1.3E-02
   153      2  1.0E+00    287 (4.6E-07) 6.7E-04 -1.3083914E+02   164 1.3E-02
   154      1  4.5E-01    289  3.8E-06  1.7E-04 -1.3084022E+02   164 1.3E-02
   155      2  4.4E-01    291  2.1E-06  1.5E-04 -1.3084139E+02   165 1.3E-02
   156      1  1.0E+00    292  1.9E-05  2.7E-04 -1.3084262E+02   165 1.3E-02   R
   157      1  1.0E+00    293  5.9E-05  4.0E-04 -1.3084296E+02   165 1.3E-02 s
   158      1  1.0E+00    294 (1.3E-07) 2.7E-04 -1.3084494E+02   165 1.3E-02
   159      1  1.0E+00    295 (1.3E-07) 4.3E-04 -1.3084548E+02   165 1.3E-02

 Major Minors     Step   nCon Feasible  Optimal  MeritFunction    nS Penalty
   160      1  1.0E+00    296  8.9E-06  2.7E-04 -1.3084601E+02   165 1.3E-02
   161      1  1.0E+00    297  3.1E-05  2.7E-04 -1.3084625E+02   165 1.3E-02
   162      1  1.0E+00    298 (2.4E-16) 2.6E-04 -1.3084722E+02   165 1.3E-02
   163      1  3.3E-01    300  2.3E-05  4.2E-04 -1.3084766E+02   165 1.3E-02
   164      2  1.0E+00    301 (5.0E-07) 5.2E-04 -1.3084895E+02   166 1.3E-02
   165      4  1.0E-01    307 (4.5E-07) 3.6E-04 -1.3085168E+02   163 1.3E-02  m
   166     12  8.4E-03    311 (4.4E-07) 2.7E-04 -1.3085225E+02   164 1.3E-02
   167      5  9.9E-03    315 (4.0E-07) 2.5E-04 -1.3085274E+02   166 1.3E-02   R
   168      1  1.0E+00    316 (1.3E-16) 2.7E-04 -1.3085462E+02   166 1.3E-02 s
   169      1  5.6E-01    318  4.7E-05  1.2E-03 -1.3085879E+02   166 1.3E-02

 Major Minors     Step   nCon Feasible  Optimal  MeritFunction    nS Penalty
   170      1  4.0E-01    320  2.9E-05  2.1E-04 -1.3086386E+02   166 1.3E-02
   171      1  4.5E-01    322  1.6E-05  1.6E-04 -1.3086670E+02   166 1.3E-02
   172      1  1.0E+00    323  7.0E-05  2.4E-04 -1.3086973E+02   166 1.3E-02
   173      1  6.1E-01    325  2.7E-05  2.5E-04 -1.3087591E+02   166 1.3E-02
   174      2  4.5E-01    327  3.0E-05  2.4E-04 -1.3088203E+02   165 1.3E-02
   175      1  5.8E-01    329  1.3E-05  2.6E-04 -1.3088769E+02   165 1.3E-02
   176      1  5.9E-01    331  5.2E-06  9.0E-04 -1.3089408E+02   165 1.3E-02
   177      1  3.4E-01    333  2.9E-05  1.7E-04 -1.3089756E+02   165 1.3E-02
   178      1  5.2E-01    335  1.4E-05  2.7E-04 -1.3090150E+02   165 1.3E-02   R
   179      1  4.4E-01    337  2.0E-05  5.6E-04 -1.3090357E+02   165 1.3E-02 s

 Major Minors     Step   nCon Feasible  Optimal  MeritFunction    nS Penalty
   180      1  1.0E+00    338 (4.1E-07) 2.7E-04 -1.3090546E+02   165 1.3E-02
   181      1  1.0E+00    339  3.6E-05  2.5E-04 -1.3090801E+02   165 1.3E-02
   182      1  1.0E+00    340 (1.7E-16) 2.4E-04 -1.3091085E+02   165 1.3E-02
   183      1  5.7E-01    342  2.7E-05  2.4E-04 -1.3091352E+02   165 1.3E-02
   184      1  1.0E+00    343 (1.5E-16) 2.3E-04 -1.3091644E+02   165 1.3E-02
   185      1  5.2E-01    345 (1.1E-16) 2.4E-04 -1.3091808E+02   165 1.3E-02
   186      1  1.0E+00    346  3.7E-05  8.7E-04 -1.3092043E+02   165 1.3E-02
   187      2  1.0E+00    347 (1.5E-16) 2.8E-04 -1.3092334E+02   166 1.3E-02
   188      1  1.0E+00    348  4.6E-05  3.1E-04 -1.3092931E+02   166 1.3E-02
   189      1  5.2E-01    350  2.2E-05  3.2E-04 -1.3093219E+02   166 1.3E-02   R

 Major Minors     Step   nCon Feasible  Optimal  MeritFunction    nS Penalty
   190      2  1.0E+00    351 (1.2E-16) 1.2E-03 -1.3093954E+02   165 1.3E-02 s
   191      1  3.0E-01    353  2.1E-05  2.1E-04 -1.3094288E+02   165 1.3E-02
   192      1  1.0E+00    354  1.7E-06  2.5E-04 -1.3094595E+02   165 1.3E-02
   193      1  1.0E+00    355  2.0E-05  2.5E-04 -1.3094782E+02   165 1.3E-02
   194      1  1.0E+00    356  2.8E-05  2.6E-04 -1.3094833E+02   165 1.3E-02
   195      1  1.0E+00    357  1.1E-05  4.1E-04 -1.3094988E+02   165 1.3E-02
   196      1  4.9E-01    359  9.7E-06  2.7E-04 -1.3095052E+02   165 1.3E-02
   197      1  1.0E+00    360  1.2E-05  1.1E-03 -1.3095137E+02   165 1.3E-02
   198      1  2.2E-01    363  1.4E-05  3.3E-04 -1.3095234E+02   165 1.3E-02
   199      2  4.9E-01    365  7.0E-06 (9.9E-05)-1.3095380E+02   164 1.3E-02

 Major Minors     Step   nCon Feasible  Optimal  MeritFunction    nS Penalty
   200      2  2.2E-01    368  5.4E-06  3.0E-04 -1.3095529E+02   165 1.3E-02   R
   201      1  1.0E+00    369 (8.3E-17) 2.2E-04 -1.3095763E+02   165 1.3E-02 s
   202      1  1.0E+00    370  4.2E-05  3.1E-04 -1.3095970E+02   165 1.3E-02
   203      1  4.7E-01    372  2.3E-05  2.9E-04 -1.3096401E+02   165 1.3E-02
   204      1  4.4E-01    374  1.3E-05  3.0E-04 -1.3096657E+02   165 1.3E-02
   205      2  1.0E+00    375 (1.8E-16) 3.0E-04 -1.3097019E+02   166 1.3E-02
   206      1  1.0E+00    376 (1.1E-16) 2.9E-04 -1.3097193E+02   166 1.3E-02
   207      1  1.0E+00    377 (2.3E-16) 2.9E-04 -1.3097350E+02   166 1.3E-02
   208      1  1.0E+00    378  1.9E-05  4.2E-04 -1.3097399E+02   166 1.3E-02
   209      1  1.0E+00    379 (1.5E-07) 2.9E-04 -1.3097465E+02   166 1.3E-02

 Major Minors     Step   nCon Feasible  Optimal  MeritFunction    nS Penalty
   210      1  1.0E+00    380  2.2E-05  5.1E-04 -1.3097518E+02   166 1.3E-02
   211      2  1.0E+00    381  3.5E-05  2.9E-04 -1.3097575E+02   165 1.3E-02   R
   212      1  1.0E+00    382  2.5E-05  4.6E-04 -1.3097609E+02   165 1.3E-02 s
   213      1  1.0E+00    383  6.7E-06  3.1E-04 -1.3097661E+02   165 1.3E-02
   214      1  1.0E+00    384  7.3E-06  5.4E-04 -1.3097686E+02   165 1.3E-02
   215      2  1.0E+00    385 (4.1E-07) 3.2E-04 -1.3097736E+02   164 1.3E-02
   216      2  6.9E-02    388  4.9E-06  3.2E-04 -1.3097771E+02   165 1.3E-02
   217      1  1.0E+00    389  1.3E-05  3.3E-04 -1.3097851E+02   165 1.3E-02
   218      1  1.0E+00    390 (7.5E-17) 3.0E-04 -1.3097987E+02   165 1.3E-02
   219      1  3.5E-01    392  3.5E-05  3.2E-04 -1.3098071E+02   165 1.3E-02

 Major Minors     Step   nCon Feasible  Optimal  MeritFunction    nS Penalty
   220      3  1.0E+00    393 (1.6E-16) 4.0E-04 -1.3098257E+02   165 1.3E-02
   221      3  1.5E-01    396  1.6E-05  3.4E-04 -1.3098366E+02   165 1.3E-02
   222      1  1.0E+00    397  1.1E-05  3.3E-04 -1.3098479E+02   165 1.3E-02   R
   223      1  1.0E+00    398 (1.6E-16) 3.2E-04 -1.3098552E+02   165 1.3E-02 s
   224      1  3.9E-01    400  9.8E-06  3.2E-04 -1.3098601E+02   165 1.3E-02
   225      1  1.0E+00    401  7.9E-06  3.2E-04 -1.3098633E+02   165 1.3E-02
   226      1  1.0E+00    402  1.0E-05  3.4E-04 -1.3098665E+02   165 1.3E-02
   227      1  1.0E+00    403  1.4E-05  3.3E-04 -1.3098678E+02   165 1.3E-02
   228      1  1.0E+00    404 (1.1E-16) 3.3E-04 -1.3098713E+02   165 1.3E-02
   229      1  4.0E-01    406  8.4E-06  3.3E-04 -1.3098724E+02   165 1.3E-02

 Major Minors     Step   nCon Feasible  Optimal  MeritFunction    nS Penalty
   230      1  1.0E+00    407  1.5E-06  3.3E-04 -1.3098741E+02   165 1.3E-02
   231      1  1.0E+00    408  3.2E-06  3.3E-04 -1.3098761E+02   165 1.3E-02
   232      1  1.0E+00    409  2.2E-06  5.1E-04 -1.3098773E+02   165 1.3E-02
   233      1  1.0E+00    410  1.6E-06  2.3E-04 -1.3098790E+02   165 1.3E-02   R
   234      1  1.0E+00    411  6.8E-06  3.4E-04 -1.3098794E+02   165 1.3E-02 s
   235      1  1.0E+00    412 (3.5E-07) 3.4E-04 -1.3098802E+02   165 1.3E-02
   236      1  1.0E+00    413  1.2E-06  7.0E-04 -1.3098807E+02   165 1.3E-02
   237      1  1.0E+00    414  1.9E-06  1.8E-04 -1.3098811E+02   165 1.3E-02
   238      1  1.0E+00    415  3.0E-06  3.4E-04 -1.3098821E+02   165 1.3E-02
   239      1  1.0E+00    416 (1.5E-07) 4.2E-04 -1.3098831E+02   165 1.3E-02

 Major Minors     Step   nCon Feasible  Optimal  MeritFunction    nS Penalty
   240      1  1.0E+00    417  2.5E-06  3.4E-04 -1.3098840E+02   165 1.3E-02
   241      2  1.0E+00    418 (3.8E-07) 3.6E-04 -1.3098849E+02   166 1.3E-02
   242      2  1.0E+00    419  2.8E-06  1.1E-03 -1.3098860E+02   165 1.3E-02
   243      1  1.0E+00    420  3.2E-06  2.6E-04 -1.3098867E+02   165 1.3E-02
   244      1  1.0E+00    421  5.0E-06  2.1E-04 -1.3098876E+02   165 1.3E-02   R
   245      1  1.0E+00    422 (1.5E-16) 2.1E-04 -1.3098884E+02   165 1.3E-02 s
   246      1  1.0E+00    423  6.1E-06  3.5E-04 -1.3098888E+02   165 1.3E-02
   247      1  1.0E+00    424 (1.2E-16) 3.6E-04 -1.3098893E+02   165 1.3E-02
   248      1  1.0E+00    425  7.5E-06  6.3E-04 -1.3098895E+02   165 1.3E-02
   249      1  1.0E+00    426 (2.6E-16) 1.1E-04 -1.3098900E+02   165 1.3E-02

 Major Minors     Step   nCon Feasible  Optimal  MeritFunction    nS Penalty
   250      1  1.0E+00    427  2.5E-06  3.5E-04 -1.3098903E+02   165 1.3E-02
   251      1  1.0E+00    428  1.8E-06  3.6E-04 -1.3098908E+02   165 1.3E-02
   252      1  1.0E+00    429  3.8E-06  3.9E-04 -1.3098908E+02   165 1.3E-02
   253      1  1.0E+00    430 (9.4E-07) 3.5E-04 -1.3098910E+02   165 1.3E-02
   254      1  1.0E+00    431  3.1E-06  3.5E-04 -1.3098912E+02   165 1.3E-02
   255      1  1.0E+00    432  2.9E-06  3.2E-04 -1.3098912E+02   165 1.3E-02   R
   256      1  1.0E+00    433  2.3E-06  3.5E-04 -1.3098915E+02   165 1.3E-02 s
   257      1  1.0E+00    434  2.7E-06  3.6E-04 -1.3098916E+02   165 1.3E-02
   258      1  1.0E+00    435 (9.2E-07) 4.3E-04 -1.3098917E+02   165 1.3E-02
   259      1  1.0E+00    436 (4.8E-07)(6.6E-05)-1.3098918E+02   165 1.3E-02
 
 SNOPTC EXIT   0 -- finished successfully
 SNOPTC INFO   1 -- optimality conditions satisfied

 Problem name                 Optimiza
 No. of iterations                1663   Objective value     -1.3098918624E+02
 No. of major iterations           259   Linear objective     0.0000000000E+00
 Penalty parameter           1.295E-02   Nonlinear objective -1.3098918624E+02
 No. of calls to funobj            437   No. of calls to funcon            437
 No. of superbasics                165   No. of basic nonlinears            35
 No. of degenerate steps             0   Percentage                       0.00
 Max x       (scaled)       82 8.9E+03   Max pi      (scaled)     5021 5.4E-04
 Max x                     148 3.0E+03   Max pi                   4998 7.9E-04
 Max Prim inf(scaled)        0 0.0E+00   Max Dual inf(scaled)      116 1.3E-04
 Max Primal infeas           0 0.0E+00   Max Dual infeas           155 2.5E-04
 Nonlinear constraint violn    6.9E-03
 
 

 Solution printed on file  18
 
 Time for MPS input                             0.00 seconds
 Time for solving problem                   45917.22 seconds
 Time for solution output                       0.04 seconds
 Time for constraint functions              46047.61 seconds
 Time for objective function                    0.00 seconds
