
 ==============================
 S N O P T  7.2-12.3 (Aug 2014)
 ==============================
 
 SNMEMB EXIT 100 -- finished successfully
 SNMEMB INFO 104 -- memory requirements estimated
 
 

 Nonlinear constraints    5050     Linear constraints       0
 Nonlinear variables         5     Linear variables         0
 Jacobian  variables         5     Objective variables      5
 Total constraints        5050     Total variables          5
 

 
 The user has defined   25250   out of   25250   constraint gradients.
 The user has defined       5   out of       5   objective  gradients.
 

 Major Minors     Step   nCon Feasible  Optimal  MeritFunction    nS Penalty
     0      4               1  1.2E+00  8.0E-02 -1.3041589E+02     4           r
     1      1  3.6E-02      2  1.2E+00  1.5E-01 -1.2353607E+02     4 6.2E-08 n rl
     2      1  3.7E-02      3  1.1E+00  7.2E-04 -1.1816670E+02     4 1.2E-07 s  l
     3      1  1.0E+00      4 (1.6E-16) 9.2E-03 -1.3072988E+02     4 1.2E-07
     4      4  1.0E+00      6 (2.0E-16) 5.9E-03 -1.3082006E+02     1 1.2E-07  m
     5      6  1.0E+00      7 (1.6E-16) 2.2E-03 -1.3146175E+02     3 1.2E-07
     6     15  1.4E-02      9 (2.3E-16) 3.3E-03 -1.3143237E+02     3 1.2E-07
     7      1  4.9E-03     13 (2.3E-16) 9.5E-03 -1.3143815E+02     3 5.9E-07  M
     8      4  1.3E-02     17 (2.3E-16) 5.2E-03 -1.3133427E+02     4 5.8E-05
     9      4  1.9E-01     20 (1.6E-16) 3.8E-03 -1.3127264E+02     3 1.5E-04

 Major Minors     Step   nCon Feasible  Optimal  MeritFunction    nS Penalty
    10      2  1.3E-01     23 (1.6E-16) 3.4E-03 -1.3128637E+02     4 1.6E-04
    11      3  4.2E-01     26 (1.6E-16) 2.6E-03 -1.3130111E+02     4 1.8E-04  m
    12      2  8.1E-02     33 (1.6E-16) 3.6E-03 -1.3131130E+02     3 1.8E-04  M
    13      3  2.2E-02     38 (1.6E-16) 2.3E-03 -1.3131692E+02     3 1.8E-04
    14      1  4.3E-02     44 (1.6E-16) 5.2E-03 -1.3132589E+02     3 1.8E-04  M
    15      3  1.4E-01     47 (2.4E-16) 7.3E-03 -1.3132835E+02     3 1.8E-04
    16      2  3.2E-01     49 (1.5E-16) 1.1E-02 -1.3134301E+02     4 1.8E-04
    17      1  1.0E+00     50 (1.6E-16) 1.4E-02 -1.3135663E+02     4 1.8E-04
    18      3  1.0E+00     51 (3.2E-16) 9.1E-03 -1.3140077E+02     4 1.8E-04
    19      4  1.0E+00     52 (1.6E-16) 5.5E-03 -1.3146697E+02     3 1.8E-04

 Major Minors     Step   nCon Feasible  Optimal  MeritFunction    nS Penalty
    20      3  1.9E-01     56 (2.4E-16) 5.0E-03 -1.3149325E+02     3 1.8E-04  m
    21      2  1.7E-01     59 (1.6E-16) 8.8E-03 -1.3154517E+02     2 1.8E-04
    22      1  1.4E-01     62 (1.6E-16) 4.4E-03 -1.3156923E+02     2 1.8E-04
    23      2  2.2E-02     65 (1.6E-16) 5.5E-03 -1.3157046E+02     3 1.8E-04
    24      2  6.0E-02     69 (1.6E-16) 5.4E-03 -1.3157315E+02     4 1.8E-04
    25      3  1.3E-02     71 (1.6E-16) 4.8E-03 -1.3157264E+02     4 1.8E-04
    26      2  8.9E-02     73 (1.6E-16) 3.5E-03 -1.3156581E+02     5 1.8E-04
    27      1  6.6E-02     76 (1.6E-16) 1.3E-03 -1.3156444E+02     5 1.9E-04
    28      1  1.0E+00     77 (1.6E-16) 7.0E-03 -1.3156046E+02     5 3.1E-04
    29      1  1.0E+00     78 (1.4E-16) 2.1E-03 -1.3156132E+02     5 3.1E-04

 Major Minors     Step   nCon Feasible  Optimal  MeritFunction    nS Penalty
    30      1  1.0E+00     79 (1.6E-16) 2.0E-03 -1.3156556E+02     5 3.1E-04
    31      1  1.0E+00     80 (3.2E-16) 3.5E-03 -1.3157002E+02     5 3.1E-04
    32      1  1.0E+00     81 (1.6E-16) 3.3E-03 -1.3157908E+02     5 3.1E-04
    33      1  1.0E+00     82 (1.6E-16) 2.4E-03 -1.3158392E+02     5 3.1E-04
    34      2  5.5E-01     85 (1.6E-16) 2.5E-03 -1.3159510E+02     4 3.1E-04  m
    35      1  3.9E-01     87 (2.5E-16) 9.6E-03 -1.3160196E+02     4 3.1E-04
    36      1  4.3E-01     89 (1.7E-16) 1.1E-02 -1.3161111E+02     4 3.1E-04
    37      2  3.8E-01     91 (1.9E-16) 1.1E-02 -1.3161425E+02     5 3.1E-04
    38      2  1.0E+00     92 (1.7E-16) 1.2E-02 -1.3162063E+02     4 3.1E-04
    39      2  1.0E+00     93 (1.7E-16) 3.8E-03 -1.3163573E+02     5 3.1E-04

 Major Minors     Step   nCon Feasible  Optimal  MeritFunction    nS Penalty
    40      2  1.0E+00     94 (1.7E-16) 4.0E-03 -1.3163720E+02     4 3.1E-04
    41      4  3.2E-01     96 (2.5E-16) 4.1E-03 -1.3163862E+02     5 3.1E-04
    42      1  1.0E+00     97 (2.5E-16) 4.4E-03 -1.3163885E+02     5 3.1E-04
    43      1  1.0E+00     98 (1.7E-16) 7.5E-04 -1.3163986E+02     5 3.1E-04
    44      3  1.0E+00     99 (1.7E-16) 9.4E-04 -1.3164021E+02     3 3.1E-04
    45      1  1.0E+00    100 (1.5E-16) 5.7E-04 -1.3164028E+02     3 3.1E-04
    46      1  1.0E+00    101 (1.7E-16) 5.8E-04 -1.3164028E+02     3 3.1E-04
    47      1  1.0E+00    102 (3.9E-11) 5.5E-04 -1.3164028E+02     3 3.1E-04
    48      1  1.0E+00    103 (1.6E-16) 5.2E-04 -1.3164028E+02     3 3.1E-04
    49      1  1.0E+00    104 (1.5E-16) 4.4E-04 -1.3164029E+02     3 3.1E-04

 Major Minors     Step   nCon Feasible  Optimal  MeritFunction    nS Penalty
    50      2  1.0E+00    105 (1.7E-16) 5.9E-04 -1.3164029E+02     4 3.1E-04
    51      1  1.0E+00    106 (1.7E-16) 8.8E-04 -1.3164031E+02     4 3.1E-04
    52      1  1.0E+00    107 (2.5E-16) 2.6E-03 -1.3164032E+02     4 3.1E-04
    53      1  1.0E+00    108 (1.9E-16) 9.6E-04 -1.3164036E+02     4 3.1E-04
    54      1  1.0E+00    109 (1.7E-16) 8.6E-04 -1.3164043E+02     4 3.1E-04
    55      3  1.0E+00    111 (1.7E-16) 8.3E-04 -1.3164066E+02     4 3.1E-04  m
    56      3  7.9E-03    115 (2.5E-16) 4.4E-04 -1.3164072E+02     4 3.1E-04
    57      1  5.7E-01    117 (2.5E-16) 1.7E-04 -1.3164092E+02     4 3.1E-04
    58      1  2.1E-01    120 (1.6E-16)(8.9E-05)-1.3164101E+02     4 3.1E-04
 
 SNOPTC EXIT   0 -- finished successfully
 SNOPTC INFO   1 -- optimality conditions satisfied

 Problem name                 Optimiza
 No. of iterations                 127   Objective value     -1.3164100878E+02
 No. of major iterations            58   Linear objective     0.0000000000E+00
 Penalty parameter           3.091E-04   Nonlinear objective -1.3164100878E+02
 No. of calls to funobj            121   No. of calls to funcon            121
 No. of superbasics                  4   No. of basic nonlinears             1
 No. of degenerate steps             0   Percentage                       0.00
 Max x       (scaled)        2 7.4E+03   Max pi      (scaled)     2770 5.5E-05
 Max x                       2 9.9E+02   Max pi                   2770 2.6E-07
 Max Prim inf(scaled)        0 0.0E+00   Max Dual inf(scaled)        5 1.8E-04
 Max Primal infeas           0 0.0E+00   Max Dual infeas             4 4.5E-04
 Nonlinear constraint violn    2.1E-13
 
 

 Solution printed on file  18
 
 Time for MPS input                             0.00 seconds
 Time for solving problem                   11333.93 seconds
 Time for solution output                       0.04 seconds
 Time for constraint functions              11507.46 seconds
 Time for objective function                    0.00 seconds
